<?xml version="1.0" encoding="UTF-8"?>
<testsuite xmlns:xsi="http://www.w3.org/2001/XMLSchema-instance" xsi:noNamespaceSchemaLocation="https://maven.apache.org/surefire/maven-surefire-plugin/xsd/surefire-test-report.xsd" name="TestSuite" time="49.877" tests="2" errors="0" skipped="0" failures="1">
  <properties>
[...]
</properties>
  <testcase name="motorCycleInsuranceCalculation_Test1" classname="com.automationtalks.RegressionSuite.VehicalInsuranceCalculator" time="15.157"/>
  <testcase name="motorCycleInsuranceCalculation_Test2" classname="com.automationtalks.RegressionSuite.VehicalInsuranceCalculator" time="10.133">
    <failure message="Value desired to be selected: BMW1 is not present in make dropdown" type="java.lang.Exception">java.lang.Exception: Value desired to be selected: BMW1 is not present in make dropdown
	at com.automationtalks.RegressionSuite.VehicalInsuranceCalculator.motorCycleInsuranceCalculation_Test2(VehicalInsuranceCalculator.java:188)
</failure>
    <system-out><![CDATA[Test Case Execution is Started !!!
Browser is Launched and Navigated to URL.
]]></system-out>
    <system-err><![CDATA[[main] INFO io.github.bonigarcia.wdm.WebDriverManager - Using chromedriver 78.0.3904.70 (since Google Chrome 78 is installed in your machine)
[main] INFO io.github.bonigarcia.wdm.WebDriverManager - Exporting webdriver.chrome.driver as C:\Users\Lenovo\.m2\repository\webdriver\chromedriver\win32\78.0.3904.70\chromedriver.exe
Starting ChromeDriver 78.0.3904.70 (edb9c9f3de0247fd912a77b7f6cae7447f6d3ad5-refs/branch-heads/3904@{#800}) on port 47513
Only local connections are allowed.
Please protect ports used by ChromeDriver and related test frameworks to prevent access by malicious code.
[1573297166.317][WARNING]: Timed out connecting to Chrome, retrying...
Nov 09, 2019 4:29:28 PM org.openqa.selenium.remote.ProtocolHandshake createSession
INFO: Detected dialect: W3C
[1573297170.393][WARNING]: Timed out connecting to Chrome, retrying...
]]></system-err>
  </testcase>
</testsuite>