<?xml version="1.0" encoding="UTF-8"?>
<testng-results skipped="0" failed="0" ignored="0" total="2" passed="2">
  <reporter-output>
  </reporter-output>
  <suite name="Regression Test Suite" duration-ms="40353" started-at="2019-11-09T08:08:19 IST" finished-at="2019-11-09T08:08:59 IST">
    <groups>
    </groups>
    <test name="Front End Test Cases - V001" duration-ms="40353" started-at="2019-11-09T08:08:19 IST" finished-at="2019-11-09T08:08:59 IST">
      <class name="com.automationtalks.RegressionSuite.VehicalInsuranceCalculator">
        <test-method status="PASS" signature="ApplicationLogin()[pri:0, instance:com.automationtalks.RegressionSuite.VehicalInsuranceCalculator@4dfa3a9d]" name="ApplicationLogin" is-config="true" duration-ms="26092" started-at="2019-11-09T08:08:19 IST" finished-at="2019-11-09T08:08:45 IST">
          <reporter-output>
          </reporter-output>
        </test-method> <!-- ApplicationLogin -->
        <test-method status="PASS" signature="motorCycleInsuranceCalculation()[pri:0, instance:com.automationtalks.RegressionSuite.VehicalInsuranceCalculator@4dfa3a9d]" name="motorCycleInsuranceCalculation" duration-ms="0" started-at="2019-11-09T08:08:45 IST" finished-at="2019-11-09T08:08:45 IST">
          <reporter-output>
          </reporter-output>
        </test-method> <!-- motorCycleInsuranceCalculation -->
        <test-method status="PASS" signature="tearDown()[pri:0, instance:com.automationtalks.RegressionSuite.VehicalInsuranceCalculator@4dfa3a9d]" name="tearDown" is-config="true" duration-ms="159" started-at="2019-11-09T08:08:45 IST" finished-at="2019-11-09T08:08:45 IST">
          <reporter-output>
          </reporter-output>
        </test-method> <!-- tearDown -->
        <test-method status="PASS" signature="ApplicationLogin()[pri:0, instance:com.automationtalks.RegressionSuite.VehicalInsuranceCalculator@4dfa3a9d]" name="ApplicationLogin" is-config="true" duration-ms="13956" started-at="2019-11-09T08:08:45 IST" finished-at="2019-11-09T08:08:59 IST">
          <reporter-output>
          </reporter-output>
        </test-method> <!-- ApplicationLogin -->
        <test-method status="PASS" signature="motorCycleInsuranceCalculation1()[pri:0, instance:com.automationtalks.RegressionSuite.VehicalInsuranceCalculator@4dfa3a9d]" name="motorCycleInsuranceCalculation1" duration-ms="1" started-at="2019-11-09T08:08:59 IST" finished-at="2019-11-09T08:08:59 IST">
          <reporter-output>
          </reporter-output>
        </test-method> <!-- motorCycleInsuranceCalculation1 -->
        <test-method status="PASS" signature="tearDown()[pri:0, instance:com.automationtalks.RegressionSuite.VehicalInsuranceCalculator@4dfa3a9d]" name="tearDown" is-config="true" duration-ms="94" started-at="2019-11-09T08:08:59 IST" finished-at="2019-11-09T08:08:59 IST">
          <reporter-output>
          </reporter-output>
        </test-method> <!-- tearDown -->
      </class> <!-- com.automationtalks.RegressionSuite.VehicalInsuranceCalculator -->
    </test> <!-- Front End Test Cases - V001 -->
  </suite> <!-- Regression Test Suite -->
</testng-results>
