<?xml version="1.0" encoding="UTF-8"?>
<!-- Generated by org.testng.reporters.JUnitXMLReporter -->
<testsuite hostname="DESKTOP-HGE39OB" ignored="0" name="Front End Test Cases - V001" tests="2" failures="0" timestamp="2019-11-09T08:08:59 IST" time="40.353" errors="0">
  <testcase name="motorCycleInsuranceCalculation" time="0.0" classname="com.automationtalks.RegressionSuite.VehicalInsuranceCalculator"/>
  <testcase name="motorCycleInsuranceCalculation1" time="0.001" classname="com.automationtalks.RegressionSuite.VehicalInsuranceCalculator"/>
</testsuite> <!-- Front End Test Cases - V001 -->
